<?xml version="1.0" encoding="UTF-8"?>
<testng-results ignored="0" total="3" passed="3" failed="0" skipped="0">
  <reporter-output>
  </reporter-output>
  <suite started-at="2022-03-29T21:36:00 IST" name="Default suite" finished-at="2022-03-29T21:36:07 IST" duration-ms="6738">
    <groups>
    </groups>
    <test started-at="2022-03-29T21:36:00 IST" name="Default test" finished-at="2022-03-29T21:36:07 IST" duration-ms="6738">
      <class name="Test">
        <test-method is-config="true" signature="openBrowser()[pri:0, instance:Test@82de64a]" started-at="2022-03-29T21:36:00 IST" name="openBrowser" finished-at="2022-03-29T21:36:02 IST" duration-ms="2004" status="PASS">
          <reporter-output>
          </reporter-output>
        </test-method> <!-- openBrowser -->
        <test-method signature="openapplication()[pri:0, instance:Test@82de64a]" started-at="2022-03-29T21:36:02 IST" name="openapplication" finished-at="2022-03-29T21:36:03 IST" duration-ms="1384" status="PASS">
          <reporter-output>
          </reporter-output>
        </test-method> <!-- openapplication -->
        <test-method signature="searchResult()[pri:0, instance:Test@82de64a]" started-at="2022-03-29T21:36:03 IST" name="searchResult" finished-at="2022-03-29T21:36:04 IST" duration-ms="145" status="PASS">
          <reporter-output>
          </reporter-output>
        </test-method> <!-- searchResult -->
        <test-method signature="verifyTitlet()[pri:0, instance:Test@82de64a]" started-at="2022-03-29T21:36:04 IST" name="verifyTitlet" finished-at="2022-03-29T21:36:04 IST" duration-ms="21" status="PASS">
          <reporter-output>
          </reporter-output>
        </test-method> <!-- verifyTitlet -->
        <test-method is-config="true" signature="closeBrowser()[pri:0, instance:Test@82de64a]" started-at="2022-03-29T21:36:04 IST" name="closeBrowser" finished-at="2022-03-29T21:36:07 IST" duration-ms="3125" status="PASS">
          <reporter-output>
          </reporter-output>
        </test-method> <!-- closeBrowser -->
      </class> <!-- Test -->
    </test> <!-- Default test -->
  </suite> <!-- Default suite -->
</testng-results>
